2023-12-08T09:01:24,607 Using pip 23.0.1 from /usr/lib/python3/dist-packages/pip (python 3.11)
2023-12-08T09:01:24,608 Non-user install due to --prefix or --target option
2023-12-08T09:01:24,608 Created temporary directory: /tmp/pip-target-67iwa503
2023-12-08T09:01:24,632 Created temporary directory: /tmp/pip-build-tracker-yxdj2fxw
2023-12-08T09:01:24,633 Initialized build tracking at /tmp/pip-build-tracker-yxdj2fxw
2023-12-08T09:01:24,633 Created build tracker: /tmp/pip-build-tracker-yxdj2fxw
2023-12-08T09:01:24,633 Entered build tracker: /tmp/pip-build-tracker-yxdj2fxw
2023-12-08T09:01:24,633 Created temporary directory: /tmp/pip-install-5ncdcmdk
2023-12-08T09:01:24,633 Created temporary directory: /tmp/pip-ephem-wheel-cache-fcrge234
2023-12-08T09:01:24,648 Collecting git+https://github.com/jaraco/path
2023-12-08T09:01:24,648   Created temporary directory: /tmp/pip-req-build-s1yhd6fq
2023-12-08T09:01:24,649   Cloning https://github.com/jaraco/path to /tmp/pip-req-build-s1yhd6fq
2023-12-08T09:01:24,649   Running command git version
2023-12-08T09:01:24,650   git version 2.39.2
2023-12-08T09:01:24,650   Running command git clone --filter=blob:none --quiet https://github.com/jaraco/path /tmp/pip-req-build-s1yhd6fq
2023-12-08T09:01:25,660   Running command git rev-parse HEAD
2023-12-08T09:01:25,662   eaafd29633bc4af79ff6745d1f61549da6262356
2023-12-08T09:01:25,662   Resolved https://github.com/jaraco/path to commit eaafd29633bc4af79ff6745d1f61549da6262356
2023-12-08T09:01:25,663   Running command git rev-parse HEAD
2023-12-08T09:01:25,664   eaafd29633bc4af79ff6745d1f61549da6262356
2023-12-08T09:01:25,664   Added git+https://github.com/jaraco/path to build tracker '/tmp/pip-build-tracker-yxdj2fxw'
2023-12-08T09:01:25,665   Created temporary directory: /tmp/pip-build-env-kzmdu137
2023-12-08T09:01:25,666   Running command pip subprocess to install build dependencies
2023-12-08T09:01:25,835   Using pip 23.0.1 from /usr/lib/python3/dist-packages/pip (python 3.11)
2023-12-08T09:01:26,020   Collecting setuptools>=56
2023-12-08T09:01:26,023     Using cached setuptools-69.0.2-py3-none-any.whl (819 kB)
2023-12-08T09:01:26,064   Collecting setuptools_scm[toml]>=3.4.1
2023-12-08T09:01:26,066     Using cached setuptools_scm-8.0.4-py3-none-any.whl (42 kB)
2023-12-08T09:01:26,098   Collecting packaging>=20
2023-12-08T09:01:26,099     Using cached packaging-23.2-py3-none-any.whl (53 kB)
2023-12-08T09:01:26,121   Collecting typing-extensions
2023-12-08T09:01:26,122     Using cached typing_extensions-4.8.0-py3-none-any.whl (31 kB)
2023-12-08T09:01:26,237   Installing collected packages: typing-extensions, setuptools, packaging, setuptools_scm
2023-12-08T09:01:26,569   Successfully installed packaging-23.2 setuptools-69.0.2 setuptools_scm-8.0.4 typing-extensions-4.8.0
2023-12-08T09:01:26,620   Running command Getting requirements to build wheel
2023-12-08T09:01:26,724   running egg_info
2023-12-08T09:01:26,725   creating path.egg-info
2023-12-08T09:01:26,725   writing path.egg-info/PKG-INFO
2023-12-08T09:01:26,727   writing dependency_links to path.egg-info/dependency_links.txt
2023-12-08T09:01:26,728   writing requirements to path.egg-info/requires.txt
2023-12-08T09:01:26,728   writing top-level names to path.egg-info/top_level.txt
2023-12-08T09:01:26,729   writing manifest file 'path.egg-info/SOURCES.txt'
2023-12-08T09:01:26,742   reading manifest template 'MANIFEST.in'
2023-12-08T09:01:26,742   adding license file 'LICENSE'
2023-12-08T09:01:26,742   writing manifest file 'path.egg-info/SOURCES.txt'
2023-12-08T09:01:26,759   Running command pip subprocess to install backend dependencies
2023-12-08T09:01:26,931   Using pip 23.0.1 from /usr/lib/python3/dist-packages/pip (python 3.11)
2023-12-08T09:01:27,056   Collecting wheel
2023-12-08T09:01:27,057     Using cached wheel-0.42.0-py3-none-any.whl (65 kB)
2023-12-08T09:01:27,117   Installing collected packages: wheel
2023-12-08T09:01:27,141     Creating /tmp/pip-build-env-kzmdu137/normal/local/bin
2023-12-08T09:01:27,142     changing mode of /tmp/pip-build-env-kzmdu137/normal/local/bin/wheel to 755
2023-12-08T09:01:27,153   Successfully installed wheel-0.42.0
2023-12-08T09:01:27,191   Created temporary directory: /tmp/pip-modern-metadata-d8t0ieum
2023-12-08T09:01:27,192   Running command Preparing metadata (pyproject.toml)
2023-12-08T09:01:27,291   running dist_info
2023-12-08T09:01:27,294   creating /tmp/pip-modern-metadata-d8t0ieum/path.egg-info
2023-12-08T09:01:27,295   writing /tmp/pip-modern-metadata-d8t0ieum/path.egg-info/PKG-INFO
2023-12-08T09:01:27,296   writing dependency_links to /tmp/pip-modern-metadata-d8t0ieum/path.egg-info/dependency_links.txt
2023-12-08T09:01:27,297   writing requirements to /tmp/pip-modern-metadata-d8t0ieum/path.egg-info/requires.txt
2023-12-08T09:01:27,297   writing top-level names to /tmp/pip-modern-metadata-d8t0ieum/path.egg-info/top_level.txt
2023-12-08T09:01:27,298   writing manifest file '/tmp/pip-modern-metadata-d8t0ieum/path.egg-info/SOURCES.txt'
2023-12-08T09:01:27,311   reading manifest template 'MANIFEST.in'
2023-12-08T09:01:27,311   adding license file 'LICENSE'
2023-12-08T09:01:27,312   writing manifest file '/tmp/pip-modern-metadata-d8t0ieum/path.egg-info/SOURCES.txt'
2023-12-08T09:01:27,312   creating '/tmp/pip-modern-metadata-d8t0ieum/path-16.9.1.dev3+geaafd29.dist-info'
2023-12-08T09:01:27,341   Source in /tmp/pip-req-build-s1yhd6fq has version 16.9.1.dev3+geaafd29, which satisfies requirement path==16.9.1.dev3+geaafd29 from git+https://github.com/jaraco/path
2023-12-08T09:01:27,341   Removed path==16.9.1.dev3+geaafd29 from git+https://github.com/jaraco/path from build tracker '/tmp/pip-build-tracker-yxdj2fxw'
2023-12-08T09:01:27,351 Created temporary directory: /tmp/pip-unpack-7r4sul7e
2023-12-08T09:01:27,351 Building wheels for collected packages: path
2023-12-08T09:01:27,352   Created temporary directory: /tmp/pip-wheel-skgsfve_
2023-12-08T09:01:27,352   Destination directory: /tmp/pip-wheel-skgsfve_
2023-12-08T09:01:27,353   Running command Building wheel for path (pyproject.toml)
2023-12-08T09:01:27,459   running bdist_wheel
2023-12-08T09:01:27,465   running build
2023-12-08T09:01:27,466   running build_py
2023-12-08T09:01:27,467   creating build
2023-12-08T09:01:27,467   creating build/lib
2023-12-08T09:01:27,467   creating build/lib/path
2023-12-08T09:01:27,468   copying path/__init__.py -> build/lib/path
2023-12-08T09:01:27,468   copying path/masks.py -> build/lib/path
2023-12-08T09:01:27,468   copying path/classes.py -> build/lib/path
2023-12-08T09:01:27,468   copying path/matchers.py -> build/lib/path
2023-12-08T09:01:27,468   running egg_info
2023-12-08T09:01:27,469   writing path.egg-info/PKG-INFO
2023-12-08T09:01:27,470   writing dependency_links to path.egg-info/dependency_links.txt
2023-12-08T09:01:27,472   writing requirements to path.egg-info/requires.txt
2023-12-08T09:01:27,472   writing top-level names to path.egg-info/top_level.txt
2023-12-08T09:01:27,484   reading manifest template 'MANIFEST.in'
2023-12-08T09:01:27,484   adding license file 'LICENSE'
2023-12-08T09:01:27,485   writing manifest file 'path.egg-info/SOURCES.txt'
2023-12-08T09:01:27,485   copying path/__init__.pyi -> build/lib/path
2023-12-08T09:01:27,485   copying path/classes.pyi -> build/lib/path
2023-12-08T09:01:27,486   copying path/masks.pyi -> build/lib/path
2023-12-08T09:01:27,486   copying path/matchers.pyi -> build/lib/path
2023-12-08T09:01:27,486   copying path/py.typed -> build/lib/path
2023-12-08T09:01:27,488   installing to build/bdist.linux-x86_64/wheel
2023-12-08T09:01:27,488   running install
2023-12-08T09:01:27,491   running install_lib
2023-12-08T09:01:27,492   creating build/bdist.linux-x86_64
2023-12-08T09:01:27,492   creating build/bdist.linux-x86_64/wheel
2023-12-08T09:01:27,492   creating build/bdist.linux-x86_64/wheel/path
2023-12-08T09:01:27,492   copying build/lib/path/__init__.py -> build/bdist.linux-x86_64/wheel/path
2023-12-08T09:01:27,492   copying build/lib/path/masks.py -> build/bdist.linux-x86_64/wheel/path
2023-12-08T09:01:27,493   copying build/lib/path/classes.pyi -> build/bdist.linux-x86_64/wheel/path
2023-12-08T09:01:27,493   copying build/lib/path/matchers.pyi -> build/bdist.linux-x86_64/wheel/path
2023-12-08T09:01:27,493   copying build/lib/path/masks.pyi -> build/bdist.linux-x86_64/wheel/path
2023-12-08T09:01:27,493   copying build/lib/path/classes.py -> build/bdist.linux-x86_64/wheel/path
2023-12-08T09:01:27,493   copying build/lib/path/py.typed -> build/bdist.linux-x86_64/wheel/path
2023-12-08T09:01:27,493   copying build/lib/path/matchers.py -> build/bdist.linux-x86_64/wheel/path
2023-12-08T09:01:27,493   copying build/lib/path/__init__.pyi -> build/bdist.linux-x86_64/wheel/path
2023-12-08T09:01:27,494   running install_egg_info
2023-12-08T09:01:27,495   Copying path.egg-info to build/bdist.linux-x86_64/wheel/path-16.9.1.dev3+geaafd29-py3.11.egg-info
2023-12-08T09:01:27,495   running install_scripts
2023-12-08T09:01:27,497   creating build/bdist.linux-x86_64/wheel/path-16.9.1.dev3+geaafd29.dist-info/WHEEL
2023-12-08T09:01:27,498   creating '/tmp/pip-wheel-skgsfve_/.tmp-zhbpf1q3/path-16.9.1.dev3+geaafd29-py3-none-any.whl' and adding 'build/bdist.linux-x86_64/wheel' to it
2023-12-08T09:01:27,499   adding 'path/__init__.py'
2023-12-08T09:01:27,500   adding 'path/__init__.pyi'
2023-12-08T09:01:27,500   adding 'path/classes.py'
2023-12-08T09:01:27,500   adding 'path/classes.pyi'
2023-12-08T09:01:27,501   adding 'path/masks.py'
2023-12-08T09:01:27,501   adding 'path/masks.pyi'
2023-12-08T09:01:27,501   adding 'path/matchers.py'
2023-12-08T09:01:27,501   adding 'path/matchers.pyi'
2023-12-08T09:01:27,502   adding 'path/py.typed'
2023-12-08T09:01:27,502   adding 'path-16.9.1.dev3+geaafd29.dist-info/LICENSE'
2023-12-08T09:01:27,502   adding 'path-16.9.1.dev3+geaafd29.dist-info/METADATA'
2023-12-08T09:01:27,502   adding 'path-16.9.1.dev3+geaafd29.dist-info/WHEEL'
2023-12-08T09:01:27,502   adding 'path-16.9.1.dev3+geaafd29.dist-info/top_level.txt'
2023-12-08T09:01:27,503   adding 'path-16.9.1.dev3+geaafd29.dist-info/RECORD'
2023-12-08T09:01:27,503   removing build/bdist.linux-x86_64/wheel
2023-12-08T09:01:27,519   Created wheel for path: filename=path-16.9.1.dev3+geaafd29-py3-none-any.whl size=24985 sha256=6efec62147572e8fe7b79f0d0860fa4314b14d114a490b7ad3829343fd5d484b
2023-12-08T09:01:27,520   Stored in directory: /tmp/pip-ephem-wheel-cache-fcrge234/wheels/e5/b5/4a/cb2f261fb5d1017412ec694eb0d335a795c67f036c7bf3506b
2023-12-08T09:01:27,522 Successfully built path
2023-12-08T09:01:27,593 Installing collected packages: path
2023-12-08T09:01:27,595   Running command git rev-parse HEAD
2023-12-08T09:01:27,597   eaafd29633bc4af79ff6745d1f61549da6262356

2023-12-08T09:01:27,623 Successfully installed path-16.9.1.dev3+geaafd29
2023-12-08T09:01:27,631 Removed build tracker: '/tmp/pip-build-tracker-yxdj2fxw'
2023-12-08T09:07:15,823 Using pip 23.0.1 from /usr/lib/python3/dist-packages/pip (python 3.11)
2023-12-08T09:07:15,825 Non-user install due to --prefix or --target option
2023-12-08T09:07:15,825 Created temporary directory: /tmp/pip-target-mvzemc1a
2023-12-08T09:07:15,849 Created temporary directory: /tmp/pip-build-tracker-cicynng7
2023-12-08T09:07:15,850 Initialized build tracking at /tmp/pip-build-tracker-cicynng7
2023-12-08T09:07:15,850 Created build tracker: /tmp/pip-build-tracker-cicynng7
2023-12-08T09:07:15,850 Entered build tracker: /tmp/pip-build-tracker-cicynng7
2023-12-08T09:07:15,850 Created temporary directory: /tmp/pip-install-9xnyug4j
2023-12-08T09:07:15,850 Created temporary directory: /tmp/pip-ephem-wheel-cache-ykxiqdvk
2023-12-08T09:07:15,863 Collecting git+https://github.com/jaraco/path
2023-12-08T09:07:15,864   Created temporary directory: /tmp/pip-req-build-2t9sx835
2023-12-08T09:07:15,865   Cloning https://github.com/jaraco/path to /tmp/pip-req-build-2t9sx835
2023-12-08T09:07:15,865   Running command git version
2023-12-08T09:07:15,866   git version 2.39.2
2023-12-08T09:07:15,867   Running command git clone --filter=blob:none --quiet https://github.com/jaraco/path /tmp/pip-req-build-2t9sx835
2023-12-08T09:07:16,974   Running command git rev-parse HEAD
2023-12-08T09:07:16,976   eaafd29633bc4af79ff6745d1f61549da6262356
2023-12-08T09:07:16,976   Resolved https://github.com/jaraco/path to commit eaafd29633bc4af79ff6745d1f61549da6262356
2023-12-08T09:07:16,977   Running command git rev-parse HEAD
2023-12-08T09:07:16,978   eaafd29633bc4af79ff6745d1f61549da6262356
2023-12-08T09:07:16,978   Added git+https://github.com/jaraco/path to build tracker '/tmp/pip-build-tracker-cicynng7'
2023-12-08T09:07:16,979   Created temporary directory: /tmp/pip-build-env-ifztvxzm
2023-12-08T09:07:16,980   Running command pip subprocess to install build dependencies
2023-12-08T09:07:17,138   Using pip 23.0.1 from /usr/lib/python3/dist-packages/pip (python 3.11)
2023-12-08T09:07:17,311   Collecting setuptools>=56
2023-12-08T09:07:17,314     Using cached setuptools-69.0.2-py3-none-any.whl (819 kB)
2023-12-08T09:07:17,353   Collecting setuptools_scm[toml]>=3.4.1
2023-12-08T09:07:17,354     Using cached setuptools_scm-8.0.4-py3-none-any.whl (42 kB)
2023-12-08T09:07:17,383   Collecting packaging>=20
2023-12-08T09:07:17,385     Using cached packaging-23.2-py3-none-any.whl (53 kB)
2023-12-08T09:07:17,409   Collecting typing-extensions
2023-12-08T09:07:17,410     Using cached typing_extensions-4.8.0-py3-none-any.whl (31 kB)
2023-12-08T09:07:17,518   Installing collected packages: typing-extensions, setuptools, packaging, setuptools_scm
2023-12-08T09:07:17,833   Successfully installed packaging-23.2 setuptools-69.0.2 setuptools_scm-8.0.4 typing-extensions-4.8.0
2023-12-08T09:07:17,874   Running command Getting requirements to build wheel
2023-12-08T09:07:17,973   running egg_info
2023-12-08T09:07:17,973   creating path.egg-info
2023-12-08T09:07:17,974   writing path.egg-info/PKG-INFO
2023-12-08T09:07:17,976   writing dependency_links to path.egg-info/dependency_links.txt
2023-12-08T09:07:17,977   writing requirements to path.egg-info/requires.txt
2023-12-08T09:07:17,977   writing top-level names to path.egg-info/top_level.txt
2023-12-08T09:07:17,977   writing manifest file 'path.egg-info/SOURCES.txt'
2023-12-08T09:07:17,989   reading manifest template 'MANIFEST.in'
2023-12-08T09:07:17,989   adding license file 'LICENSE'
2023-12-08T09:07:17,990   writing manifest file 'path.egg-info/SOURCES.txt'
2023-12-08T09:07:18,004   Running command pip subprocess to install backend dependencies
2023-12-08T09:07:18,164   Using pip 23.0.1 from /usr/lib/python3/dist-packages/pip (python 3.11)
2023-12-08T09:07:18,271   Collecting wheel
2023-12-08T09:07:18,272     Using cached wheel-0.42.0-py3-none-any.whl (65 kB)
2023-12-08T09:07:18,328   Installing collected packages: wheel
2023-12-08T09:07:18,351     Creating /tmp/pip-build-env-ifztvxzm/normal/local/bin
2023-12-08T09:07:18,352     changing mode of /tmp/pip-build-env-ifztvxzm/normal/local/bin/wheel to 755
2023-12-08T09:07:18,362   Successfully installed wheel-0.42.0
2023-12-08T09:07:18,396   Created temporary directory: /tmp/pip-modern-metadata-w2vl5xaa
2023-12-08T09:07:18,397   Running command Preparing metadata (pyproject.toml)
2023-12-08T09:07:18,489   running dist_info
2023-12-08T09:07:18,492   creating /tmp/pip-modern-metadata-w2vl5xaa/path.egg-info
2023-12-08T09:07:18,493   writing /tmp/pip-modern-metadata-w2vl5xaa/path.egg-info/PKG-INFO
2023-12-08T09:07:18,494   writing dependency_links to /tmp/pip-modern-metadata-w2vl5xaa/path.egg-info/dependency_links.txt
2023-12-08T09:07:18,495   writing requirements to /tmp/pip-modern-metadata-w2vl5xaa/path.egg-info/requires.txt
2023-12-08T09:07:18,495   writing top-level names to /tmp/pip-modern-metadata-w2vl5xaa/path.egg-info/top_level.txt
2023-12-08T09:07:18,495   writing manifest file '/tmp/pip-modern-metadata-w2vl5xaa/path.egg-info/SOURCES.txt'
2023-12-08T09:07:18,507   reading manifest template 'MANIFEST.in'
2023-12-08T09:07:18,508   adding license file 'LICENSE'
2023-12-08T09:07:18,508   writing manifest file '/tmp/pip-modern-metadata-w2vl5xaa/path.egg-info/SOURCES.txt'
2023-12-08T09:07:18,508   creating '/tmp/pip-modern-metadata-w2vl5xaa/path-16.9.1.dev3+geaafd29.dist-info'
2023-12-08T09:07:18,534   Source in /tmp/pip-req-build-2t9sx835 has version 16.9.1.dev3+geaafd29, which satisfies requirement path==16.9.1.dev3+geaafd29 from git+https://github.com/jaraco/path
2023-12-08T09:07:18,534   Removed path==16.9.1.dev3+geaafd29 from git+https://github.com/jaraco/path from build tracker '/tmp/pip-build-tracker-cicynng7'
2023-12-08T09:07:18,543 Created temporary directory: /tmp/pip-unpack-ll77nmtg
2023-12-08T09:07:18,543 Building wheels for collected packages: path
2023-12-08T09:07:18,544   Created temporary directory: /tmp/pip-wheel-yyuf2y3w
2023-12-08T09:07:18,544   Destination directory: /tmp/pip-wheel-yyuf2y3w
2023-12-08T09:07:18,544   Running command Building wheel for path (pyproject.toml)
2023-12-08T09:07:18,642   running bdist_wheel
2023-12-08T09:07:18,648   running build
2023-12-08T09:07:18,648   running build_py
2023-12-08T09:07:18,650   creating build
2023-12-08T09:07:18,650   creating build/lib
2023-12-08T09:07:18,650   creating build/lib/path
2023-12-08T09:07:18,650   copying path/__init__.py -> build/lib/path
2023-12-08T09:07:18,650   copying path/masks.py -> build/lib/path
2023-12-08T09:07:18,650   copying path/classes.py -> build/lib/path
2023-12-08T09:07:18,651   copying path/matchers.py -> build/lib/path
2023-12-08T09:07:18,651   running egg_info
2023-12-08T09:07:18,651   writing path.egg-info/PKG-INFO
2023-12-08T09:07:18,653   writing dependency_links to path.egg-info/dependency_links.txt
2023-12-08T09:07:18,654   writing requirements to path.egg-info/requires.txt
2023-12-08T09:07:18,654   writing top-level names to path.egg-info/top_level.txt
2023-12-08T09:07:18,665   reading manifest template 'MANIFEST.in'
2023-12-08T09:07:18,666   adding license file 'LICENSE'
2023-12-08T09:07:18,666   writing manifest file 'path.egg-info/SOURCES.txt'
2023-12-08T09:07:18,667   copying path/__init__.pyi -> build/lib/path
2023-12-08T09:07:18,667   copying path/classes.pyi -> build/lib/path
2023-12-08T09:07:18,667   copying path/masks.pyi -> build/lib/path
2023-12-08T09:07:18,667   copying path/matchers.pyi -> build/lib/path
2023-12-08T09:07:18,667   copying path/py.typed -> build/lib/path
2023-12-08T09:07:18,669   installing to build/bdist.linux-x86_64/wheel
2023-12-08T09:07:18,669   running install
2023-12-08T09:07:18,672   running install_lib
2023-12-08T09:07:18,673   creating build/bdist.linux-x86_64
2023-12-08T09:07:18,673   creating build/bdist.linux-x86_64/wheel
2023-12-08T09:07:18,673   creating build/bdist.linux-x86_64/wheel/path
2023-12-08T09:07:18,673   copying build/lib/path/__init__.py -> build/bdist.linux-x86_64/wheel/path
2023-12-08T09:07:18,673   copying build/lib/path/masks.py -> build/bdist.linux-x86_64/wheel/path
2023-12-08T09:07:18,674   copying build/lib/path/classes.pyi -> build/bdist.linux-x86_64/wheel/path
2023-12-08T09:07:18,674   copying build/lib/path/matchers.pyi -> build/bdist.linux-x86_64/wheel/path
2023-12-08T09:07:18,674   copying build/lib/path/masks.pyi -> build/bdist.linux-x86_64/wheel/path
2023-12-08T09:07:18,674   copying build/lib/path/classes.py -> build/bdist.linux-x86_64/wheel/path
2023-12-08T09:07:18,674   copying build/lib/path/py.typed -> build/bdist.linux-x86_64/wheel/path
2023-12-08T09:07:18,674   copying build/lib/path/matchers.py -> build/bdist.linux-x86_64/wheel/path
2023-12-08T09:07:18,674   copying build/lib/path/__init__.pyi -> build/bdist.linux-x86_64/wheel/path
2023-12-08T09:07:18,675   running install_egg_info
2023-12-08T09:07:18,676   Copying path.egg-info to build/bdist.linux-x86_64/wheel/path-16.9.1.dev3+geaafd29-py3.11.egg-info
2023-12-08T09:07:18,676   running install_scripts
2023-12-08T09:07:18,678   creating build/bdist.linux-x86_64/wheel/path-16.9.1.dev3+geaafd29.dist-info/WHEEL
2023-12-08T09:07:18,678   creating '/tmp/pip-wheel-yyuf2y3w/.tmp-3vtvgup_/path-16.9.1.dev3+geaafd29-py3-none-any.whl' and adding 'build/bdist.linux-x86_64/wheel' to it
2023-12-08T09:07:18,680   adding 'path/__init__.py'
2023-12-08T09:07:18,680   adding 'path/__init__.pyi'
2023-12-08T09:07:18,680   adding 'path/classes.py'
2023-12-08T09:07:18,681   adding 'path/classes.pyi'
2023-12-08T09:07:18,681   adding 'path/masks.py'
2023-12-08T09:07:18,681   adding 'path/masks.pyi'
2023-12-08T09:07:18,681   adding 'path/matchers.py'
2023-12-08T09:07:18,681   adding 'path/matchers.pyi'
2023-12-08T09:07:18,682   adding 'path/py.typed'
2023-12-08T09:07:18,682   adding 'path-16.9.1.dev3+geaafd29.dist-info/LICENSE'
2023-12-08T09:07:18,682   adding 'path-16.9.1.dev3+geaafd29.dist-info/METADATA'
2023-12-08T09:07:18,682   adding 'path-16.9.1.dev3+geaafd29.dist-info/WHEEL'
2023-12-08T09:07:18,683   adding 'path-16.9.1.dev3+geaafd29.dist-info/top_level.txt'
2023-12-08T09:07:18,683   adding 'path-16.9.1.dev3+geaafd29.dist-info/RECORD'
2023-12-08T09:07:18,683   removing build/bdist.linux-x86_64/wheel
2023-12-08T09:07:18,698   Created wheel for path: filename=path-16.9.1.dev3+geaafd29-py3-none-any.whl size=24985 sha256=659f7ee7af5f78d1fad888666fffe17e6591b8baad9bfffd7a4e396f737e4f0d
2023-12-08T09:07:18,698   Stored in directory: /tmp/pip-ephem-wheel-cache-ykxiqdvk/wheels/e5/b5/4a/cb2f261fb5d1017412ec694eb0d335a795c67f036c7bf3506b
2023-12-08T09:07:18,700 Successfully built path
2023-12-08T09:07:18,758 Installing collected packages: path
2023-12-08T09:07:18,759   Running command git rev-parse HEAD
2023-12-08T09:07:18,760   eaafd29633bc4af79ff6745d1f61549da6262356

2023-12-08T09:07:18,782 Successfully installed path-16.9.1.dev3+geaafd29
2023-12-08T09:07:18,791 Removed build tracker: '/tmp/pip-build-tracker-cicynng7'
2023-12-08T09:07:36,213 Using pip 23.0.1 from /usr/lib/python3/dist-packages/pip (python 3.11)
2023-12-08T09:07:36,213 Non-user install due to --prefix or --target option
2023-12-08T09:07:36,214 Created temporary directory: /tmp/pip-target-zu22inxl
2023-12-08T09:07:36,237 Created temporary directory: /tmp/pip-build-tracker-j_d11t03
2023-12-08T09:07:36,238 Initialized build tracking at /tmp/pip-build-tracker-j_d11t03
2023-12-08T09:07:36,238 Created build tracker: /tmp/pip-build-tracker-j_d11t03
2023-12-08T09:07:36,238 Entered build tracker: /tmp/pip-build-tracker-j_d11t03
2023-12-08T09:07:36,238 Created temporary directory: /tmp/pip-install-1aourz_g
2023-12-08T09:07:36,239 Created temporary directory: /tmp/pip-ephem-wheel-cache-5sh_y45j
2023-12-08T09:07:36,253 Collecting git+https://github.com/jaraco/path
2023-12-08T09:07:36,254   Created temporary directory: /tmp/pip-req-build-ob9_0gu5
2023-12-08T09:07:36,254   Cloning https://github.com/jaraco/path to /tmp/pip-req-build-ob9_0gu5
2023-12-08T09:07:36,255   Running command git version
2023-12-08T09:07:36,256   git version 2.39.2
2023-12-08T09:07:36,256   Running command git clone --filter=blob:none --quiet https://github.com/jaraco/path /tmp/pip-req-build-ob9_0gu5
2023-12-08T09:07:37,374   Running command git rev-parse HEAD
2023-12-08T09:07:37,375   eaafd29633bc4af79ff6745d1f61549da6262356
2023-12-08T09:07:37,375   Resolved https://github.com/jaraco/path to commit eaafd29633bc4af79ff6745d1f61549da6262356
2023-12-08T09:07:37,376   Running command git rev-parse HEAD
2023-12-08T09:07:37,377   eaafd29633bc4af79ff6745d1f61549da6262356
2023-12-08T09:07:37,377   Added git+https://github.com/jaraco/path to build tracker '/tmp/pip-build-tracker-j_d11t03'
2023-12-08T09:07:37,378   Created temporary directory: /tmp/pip-build-env-fhghbzgm
2023-12-08T09:07:37,379   Running command pip subprocess to install build dependencies
2023-12-08T09:07:37,536   Using pip 23.0.1 from /usr/lib/python3/dist-packages/pip (python 3.11)
2023-12-08T09:07:37,707   Collecting setuptools>=56
2023-12-08T09:07:37,710     Using cached setuptools-69.0.2-py3-none-any.whl (819 kB)
2023-12-08T09:07:37,749   Collecting setuptools_scm[toml]>=3.4.1
2023-12-08T09:07:37,750     Using cached setuptools_scm-8.0.4-py3-none-any.whl (42 kB)
2023-12-08T09:07:37,779   Collecting packaging>=20
2023-12-08T09:07:37,780     Using cached packaging-23.2-py3-none-any.whl (53 kB)
2023-12-08T09:07:37,803   Collecting typing-extensions
2023-12-08T09:07:37,804     Using cached typing_extensions-4.8.0-py3-none-any.whl (31 kB)
2023-12-08T09:07:37,911   Installing collected packages: typing-extensions, setuptools, packaging, setuptools_scm
2023-12-08T09:07:38,221   Successfully installed packaging-23.2 setuptools-69.0.2 setuptools_scm-8.0.4 typing-extensions-4.8.0
2023-12-08T09:07:38,264   Running command Getting requirements to build wheel
2023-12-08T09:07:38,363   running egg_info
2023-12-08T09:07:38,363   creating path.egg-info
2023-12-08T09:07:38,364   writing path.egg-info/PKG-INFO
2023-12-08T09:07:38,366   writing dependency_links to path.egg-info/dependency_links.txt
2023-12-08T09:07:38,367   writing requirements to path.egg-info/requires.txt
2023-12-08T09:07:38,367   writing top-level names to path.egg-info/top_level.txt
2023-12-08T09:07:38,367   writing manifest file 'path.egg-info/SOURCES.txt'
2023-12-08T09:07:38,379   reading manifest template 'MANIFEST.in'
2023-12-08T09:07:38,380   adding license file 'LICENSE'
2023-12-08T09:07:38,380   writing manifest file 'path.egg-info/SOURCES.txt'
2023-12-08T09:07:38,394   Running command pip subprocess to install backend dependencies
2023-12-08T09:07:38,553   Using pip 23.0.1 from /usr/lib/python3/dist-packages/pip (python 3.11)
2023-12-08T09:07:38,650   Collecting wheel
2023-12-08T09:07:38,652     Using cached wheel-0.42.0-py3-none-any.whl (65 kB)
2023-12-08T09:07:38,706   Installing collected packages: wheel
2023-12-08T09:07:38,728     Creating /tmp/pip-build-env-fhghbzgm/normal/local/bin
2023-12-08T09:07:38,728     changing mode of /tmp/pip-build-env-fhghbzgm/normal/local/bin/wheel to 755
2023-12-08T09:07:38,738   Successfully installed wheel-0.42.0
2023-12-08T09:07:38,772   Created temporary directory: /tmp/pip-modern-metadata-jykhz1ht
2023-12-08T09:07:38,772   Running command Preparing metadata (pyproject.toml)
2023-12-08T09:07:38,863   running dist_info
2023-12-08T09:07:38,866   creating /tmp/pip-modern-metadata-jykhz1ht/path.egg-info
2023-12-08T09:07:38,867   writing /tmp/pip-modern-metadata-jykhz1ht/path.egg-info/PKG-INFO
2023-12-08T09:07:38,868   writing dependency_links to /tmp/pip-modern-metadata-jykhz1ht/path.egg-info/dependency_links.txt
2023-12-08T09:07:38,869   writing requirements to /tmp/pip-modern-metadata-jykhz1ht/path.egg-info/requires.txt
2023-12-08T09:07:38,869   writing top-level names to /tmp/pip-modern-metadata-jykhz1ht/path.egg-info/top_level.txt
2023-12-08T09:07:38,870   writing manifest file '/tmp/pip-modern-metadata-jykhz1ht/path.egg-info/SOURCES.txt'
2023-12-08T09:07:38,882   reading manifest template 'MANIFEST.in'
2023-12-08T09:07:38,882   adding license file 'LICENSE'
2023-12-08T09:07:38,883   writing manifest file '/tmp/pip-modern-metadata-jykhz1ht/path.egg-info/SOURCES.txt'
2023-12-08T09:07:38,883   creating '/tmp/pip-modern-metadata-jykhz1ht/path-16.9.1.dev3+geaafd29.dist-info'
2023-12-08T09:07:38,908   Source in /tmp/pip-req-build-ob9_0gu5 has version 16.9.1.dev3+geaafd29, which satisfies requirement path==16.9.1.dev3+geaafd29 from git+https://github.com/jaraco/path
2023-12-08T09:07:38,909   Removed path==16.9.1.dev3+geaafd29 from git+https://github.com/jaraco/path from build tracker '/tmp/pip-build-tracker-j_d11t03'
2023-12-08T09:07:38,918 Created temporary directory: /tmp/pip-unpack-csz6zvud
2023-12-08T09:07:38,918 Building wheels for collected packages: path
2023-12-08T09:07:38,919   Created temporary directory: /tmp/pip-wheel-mh3t0zof
2023-12-08T09:07:38,919   Destination directory: /tmp/pip-wheel-mh3t0zof
2023-12-08T09:07:38,919   Running command Building wheel for path (pyproject.toml)
2023-12-08T09:07:39,018   running bdist_wheel
2023-12-08T09:07:39,024   running build
2023-12-08T09:07:39,024   running build_py
2023-12-08T09:07:39,026   creating build
2023-12-08T09:07:39,026   creating build/lib
2023-12-08T09:07:39,026   creating build/lib/path
2023-12-08T09:07:39,026   copying path/__init__.py -> build/lib/path
2023-12-08T09:07:39,026   copying path/masks.py -> build/lib/path
2023-12-08T09:07:39,026   copying path/classes.py -> build/lib/path
2023-12-08T09:07:39,027   copying path/matchers.py -> build/lib/path
2023-12-08T09:07:39,027   running egg_info
2023-12-08T09:07:39,027   writing path.egg-info/PKG-INFO
2023-12-08T09:07:39,029   writing dependency_links to path.egg-info/dependency_links.txt
2023-12-08T09:07:39,030   writing requirements to path.egg-info/requires.txt
2023-12-08T09:07:39,030   writing top-level names to path.egg-info/top_level.txt
2023-12-08T09:07:39,041   reading manifest template 'MANIFEST.in'
2023-12-08T09:07:39,042   adding license file 'LICENSE'
2023-12-08T09:07:39,042   writing manifest file 'path.egg-info/SOURCES.txt'
2023-12-08T09:07:39,043   copying path/__init__.pyi -> build/lib/path
2023-12-08T09:07:39,043   copying path/classes.pyi -> build/lib/path
2023-12-08T09:07:39,043   copying path/masks.pyi -> build/lib/path
2023-12-08T09:07:39,043   copying path/matchers.pyi -> build/lib/path
2023-12-08T09:07:39,043   copying path/py.typed -> build/lib/path
2023-12-08T09:07:39,045   installing to build/bdist.linux-x86_64/wheel
2023-12-08T09:07:39,045   running install
2023-12-08T09:07:39,048   running install_lib
2023-12-08T09:07:39,049   creating build/bdist.linux-x86_64
2023-12-08T09:07:39,049   creating build/bdist.linux-x86_64/wheel
2023-12-08T09:07:39,049   creating build/bdist.linux-x86_64/wheel/path
2023-12-08T09:07:39,049   copying build/lib/path/__init__.py -> build/bdist.linux-x86_64/wheel/path
2023-12-08T09:07:39,050   copying build/lib/path/masks.py -> build/bdist.linux-x86_64/wheel/path
2023-12-08T09:07:39,050   copying build/lib/path/classes.pyi -> build/bdist.linux-x86_64/wheel/path
2023-12-08T09:07:39,050   copying build/lib/path/matchers.pyi -> build/bdist.linux-x86_64/wheel/path
2023-12-08T09:07:39,050   copying build/lib/path/masks.pyi -> build/bdist.linux-x86_64/wheel/path
2023-12-08T09:07:39,050   copying build/lib/path/classes.py -> build/bdist.linux-x86_64/wheel/path
2023-12-08T09:07:39,050   copying build/lib/path/py.typed -> build/bdist.linux-x86_64/wheel/path
2023-12-08T09:07:39,051   copying build/lib/path/matchers.py -> build/bdist.linux-x86_64/wheel/path
2023-12-08T09:07:39,051   copying build/lib/path/__init__.pyi -> build/bdist.linux-x86_64/wheel/path
2023-12-08T09:07:39,051   running install_egg_info
2023-12-08T09:07:39,052   Copying path.egg-info to build/bdist.linux-x86_64/wheel/path-16.9.1.dev3+geaafd29-py3.11.egg-info
2023-12-08T09:07:39,052   running install_scripts
2023-12-08T09:07:39,054   creating build/bdist.linux-x86_64/wheel/path-16.9.1.dev3+geaafd29.dist-info/WHEEL
2023-12-08T09:07:39,054   creating '/tmp/pip-wheel-mh3t0zof/.tmp-d7xsfu0v/path-16.9.1.dev3+geaafd29-py3-none-any.whl' and adding 'build/bdist.linux-x86_64/wheel' to it
2023-12-08T09:07:39,056   adding 'path/__init__.py'
2023-12-08T09:07:39,056   adding 'path/__init__.pyi'
2023-12-08T09:07:39,056   adding 'path/classes.py'
2023-12-08T09:07:39,057   adding 'path/classes.pyi'
2023-12-08T09:07:39,057   adding 'path/masks.py'
2023-12-08T09:07:39,057   adding 'path/masks.pyi'
2023-12-08T09:07:39,057   adding 'path/matchers.py'
2023-12-08T09:07:39,057   adding 'path/matchers.pyi'
2023-12-08T09:07:39,058   adding 'path/py.typed'
2023-12-08T09:07:39,058   adding 'path-16.9.1.dev3+geaafd29.dist-info/LICENSE'
2023-12-08T09:07:39,058   adding 'path-16.9.1.dev3+geaafd29.dist-info/METADATA'
2023-12-08T09:07:39,058   adding 'path-16.9.1.dev3+geaafd29.dist-info/WHEEL'
2023-12-08T09:07:39,058   adding 'path-16.9.1.dev3+geaafd29.dist-info/top_level.txt'
2023-12-08T09:07:39,059   adding 'path-16.9.1.dev3+geaafd29.dist-info/RECORD'
2023-12-08T09:07:39,059   removing build/bdist.linux-x86_64/wheel
2023-12-08T09:07:39,074   Created wheel for path: filename=path-16.9.1.dev3+geaafd29-py3-none-any.whl size=24985 sha256=334a6b5a8166f1bef6506009d84a6f88aa2e6784c9cea46a667490108f6585b6
2023-12-08T09:07:39,075   Stored in directory: /tmp/pip-ephem-wheel-cache-5sh_y45j/wheels/e5/b5/4a/cb2f261fb5d1017412ec694eb0d335a795c67f036c7bf3506b
2023-12-08T09:07:39,077 Successfully built path
2023-12-08T09:07:39,134 Installing collected packages: path
2023-12-08T09:07:39,135   Running command git rev-parse HEAD
2023-12-08T09:07:39,136   eaafd29633bc4af79ff6745d1f61549da6262356

2023-12-08T09:07:39,159 Successfully installed path-16.9.1.dev3+geaafd29
2023-12-08T09:07:39,168 Removed build tracker: '/tmp/pip-build-tracker-j_d11t03'
